# JRE version: Java(TM) SE Runtime Environment (21.0.1+12) (build 21.0.1+12-LTS-29)
# Java VM: Java HotSpot(TM) 64-Bit Server VM (21.0.1+12-LTS-29, mixed mode, sharing, tiered, compressed oops, compressed class ptrs, g1 gc, windows-amd64)
GC Precious Log:
 CardTable entry size: 512
 Card Set container configuration: InlinePtr #cards 4 size 8 Array Of Cards #cards 16 size 48 Howl #buckets 8 coarsen threshold 3686 Howl Bitmap #cards 512 size 80 coarsen threshold 460 Card regions per heap region 1 cards per card region 4096
 CPUs: 16 total, 16 available
 Memory: 16024M
 Large Page Support: Disabled
 NUMA Support: Disabled
 Compressed Oops: Enabled (Zero based)
 Heap Region Size: 2M
 Heap Min Capacity: 8M
 Heap Initial Capacity: 252M
 Heap Max Capacity: 4008M
 Pre-touch: Disabled
 Parallel Workers: 13
 Concurrent Workers: 3
 Concurrent Refinement Workers: 13
 Periodic GC: Disabled
Heap:
 garbage-first heap   total 61440K, used 26409K [0x0000000705800000, 0x0000000800000000)
  region size 2048K, 8 young (16384K), 2 survivors (4096K)
 Metaspace       used 32245K, committed 32832K, reserved 1114112K
  class space    used 3954K, committed 4224K, reserved 1048576K
GC Heap History (20 events):
Event: 0.418 GC heap before
{Heap before GC invocations=0 (full 0):
 garbage-first heap   total 258048K, used 22528K [0x0000000705800000, 0x0000000800000000)
  region size 2048K, 11 young (22528K), 0 survivors (0K)
 Metaspace       used 4964K, committed 5248K, reserved 1114112K
  class space    used 545K, committed 704K, reserved 1048576K
}
Event: 0.421 GC heap after
{Heap after GC invocations=1 (full 0):
 garbage-first heap   total 258048K, used 6681K [0x0000000705800000, 0x0000000800000000)
  region size 2048K, 2 young (4096K), 2 survivors (4096K)
 Metaspace       used 4964K, committed 5248K, reserved 1114112K
  class space    used 545K, committed 704K, reserved 1048576K
}
Event: 0.825 GC heap before
{Heap before GC invocations=1 (full 0):
 garbage-first heap   total 258048K, used 31257K [0x0000000705800000, 0x0000000800000000)
  region size 2048K, 15 young (30720K), 2 survivors (4096K)
 Metaspace       used 11986K, committed 12224K, reserved 1114112K
  class space    used 1409K, committed 1536K, reserved 1048576K
}
Event: 0.829 GC heap after
{Heap after GC invocations=2 (full 0):
 garbage-first heap   total 258048K, used 8768K [0x0000000705800000, 0x0000000800000000)
  region size 2048K, 2 young (4096K), 2 survivors (4096K)
 Metaspace       used 11986K, committed 12224K, reserved 1114112K
  class space    used 1409K, committed 1536K, reserved 1048576K
}
Event: 1.515 GC heap before
{Heap before GC invocations=2 (full 0):
 garbage-first heap   total 258048K, used 59968K [0x0000000705800000, 0x0000000800000000)
  region size 2048K, 29 young (59392K), 2 survivors (4096K)
 Metaspace       used 21250K, committed 21504K, reserved 1114112K
  class space    used 2555K, committed 2688K, reserved 1048576K
}
Event: 1.519 GC heap after
{Heap after GC invocations=3 (full 0):
 garbage-first heap   total 258048K, used 13238K [0x0000000705800000, 0x0000000800000000)
  region size 2048K, 4 young (8192K), 4 survivors (8192K)
 Metaspace       used 21250K, committed 21504K, reserved 1114112K
  class space    used 2555K, committed 2688K, reserved 1048576K
}
Event: 2.161 GC heap before
{Heap before GC invocations=4 (full 0):
 garbage-first heap   total 61440K, used 58294K [0x0000000705800000, 0x0000000800000000)
  region size 2048K, 26 young (53248K), 4 survivors (8192K)
 Metaspace       used 29701K, committed 30272K, reserved 1114112K
  class space    used 3700K, committed 3968K, reserved 1048576K
}
Event: 2.167 GC heap after
{Heap after GC invocations=5 (full 0):
 garbage-first heap   total 73728K, used 18046K [0x0000000705800000, 0x0000000800000000)
  region size 2048K, 6 young (12288K), 6 survivors (12288K)
 Metaspace       used 29701K, committed 30272K, reserved 1114112K
  class space    used 3700K, committed 3968K, reserved 1048576K
}
Event: 130.766 GC heap before
{Heap before GC invocations=5 (full 0):
 garbage-first heap   total 73728K, used 32382K [0x0000000705800000, 0x0000000800000000)
  region size 2048K, 14 young (28672K), 6 survivors (12288K)
 Metaspace       used 31136K, committed 31680K, reserved 1114112K
  class space    used 3901K, committed 4160K, reserved 1048576K
}
Event: 130.786 GC heap after
{Heap after GC invocations=6 (full 1):
 garbage-first heap   total 61440K, used 15935K [0x0000000705800000, 0x0000000800000000)
  region size 2048K, 0 young (0K), 0 survivors (0K)
 Metaspace       used 31136K, committed 31680K, reserved 1114112K
  class space    used 3901K, committed 4160K, reserved 1048576K
}
Event: 131.088 GC heap before
{Heap before GC invocations=6 (full 1):
 garbage-first heap   total 61440K, used 42559K [0x0000000705800000, 0x0000000800000000)
  region size 2048K, 14 young (28672K), 0 survivors (0K)
 Metaspace       used 31453K, committed 32064K, reserved 1114112K
  class space    used 3903K, committed 4224K, reserved 1048576K
}
Event: 131.090 GC heap after
{Heap after GC invocations=7 (full 1):
 garbage-first heap   total 61440K, used 19676K [0x0000000705800000, 0x0000000800000000)
  region size 2048K, 2 young (4096K), 2 survivors (4096K)
 Metaspace       used 31453K, committed 32064K, reserved 1114112K
  class space    used 3903K, committed 4224K, reserved 1048576K
}
Event: 132.540 GC heap before
{Heap before GC invocations=7 (full 1):
 garbage-first heap   total 61440K, used 23772K [0x0000000705800000, 0x0000000800000000)
  region size 2048K, 5 young (10240K), 2 survivors (4096K)
 Metaspace       used 31522K, committed 32192K, reserved 1114112K
  class space    used 3905K, committed 4224K, reserved 1048576K
}
Event: 132.569 GC heap after
{Heap after GC invocations=8 (full 2):
 garbage-first heap   total 61440K, used 15913K [0x0000000705800000, 0x0000000800000000)
  region size 2048K, 0 young (0K), 0 survivors (0K)
 Metaspace       used 31519K, committed 32192K, reserved 1114112K
  class space    used 3904K, committed 4224K, reserved 1048576K
}
Event: 132.858 GC heap before
{Heap before GC invocations=8 (full 2):
 garbage-first heap   total 61440K, used 44585K [0x0000000705800000, 0x0000000800000000)
  region size 2048K, 15 young (30720K), 0 survivors (0K)
 Metaspace       used 31798K, committed 32448K, reserved 1114112K
  class space    used 3907K, committed 4224K, reserved 1048576K
}
Event: 132.859 GC heap after
{Heap after GC invocations=9 (full 2):
 garbage-first heap   total 61440K, used 19082K [0x0000000705800000, 0x0000000800000000)
  region size 2048K, 2 young (4096K), 2 survivors (4096K)
 Metaspace       used 31798K, committed 32448K, reserved 1114112K
  class space    used 3907K, committed 4224K, reserved 1048576K
}
Event: 182.458 GC heap before
{Heap before GC invocations=9 (full 2):
 garbage-first heap   total 61440K, used 21130K [0x0000000705800000, 0x0000000800000000)
  region size 2048K, 4 young (8192K), 2 survivors (4096K)
 Metaspace       used 31818K, committed 32448K, reserved 1114112K
  class space    used 3908K, committed 4224K, reserved 1048576K
}
Event: 182.479 GC heap after
{Heap after GC invocations=10 (full 3):
 garbage-first heap   total 61440K, used 15961K [0x0000000705800000, 0x0000000800000000)
  region size 2048K, 0 young (0K), 0 survivors (0K)
 Metaspace       used 31815K, committed 32448K, reserved 1114112K
  class space    used 3907K, committed 4224K, reserved 1048576K
}
Event: 184.193 GC heap before
{Heap before GC invocations=10 (full 3):
 garbage-first heap   total 61440K, used 44633K [0x0000000705800000, 0x0000000800000000)
  region size 2048K, 15 young (30720K), 0 survivors (0K)
 Metaspace       used 32198K, committed 32832K, reserved 1114112K
  class space    used 3953K, committed 4224K, reserved 1048576K
}
Event: 184.195 GC heap after
{Heap after GC invocations=11 (full 3):
 garbage-first heap   total 61440K, used 18217K [0x0000000705800000, 0x0000000800000000)
  region size 2048K, 2 young (4096K), 2 survivors (4096K)
 Metaspace       used 32198K, committed 32832K, reserved 1114112K
  class space    used 3953K, committed 4224K, reserved 1048576K
}

